# JRE version: OpenJDK Runtime Environment (11.0.10) (build 11.0.10+0-b96-7249189)
# Java VM: OpenJDK 64-Bit Server VM (11.0.10+0-b96-7249189, mixed mode, tiered, compressed oops, g1 gc, windows-amd64)
Heap:
 garbage-first heap   total 526336K, used 263168K [0x0000000080000000, 0x0000000100000000)
  region size 1024K, 3 young (3072K), 3 survivors (3072K)
 Metaspace       used 156235K, capacity 160739K, committed 160972K, reserved 1189888K
  class space    used 18909K, capacity 20590K, committed 20684K, reserved 1048576K
GC Heap History (20 events):
Event: 6764.631 GC heap after
{Heap after GC invocations=234 (full 0):
 garbage-first heap   total 436224K, used 149231K [0x0000000080000000, 0x0000000100000000)
  region size 1024K, 1 young (1024K), 1 survivors (1024K)
 Metaspace       used 155695K, capacity 160214K, committed 160332K, reserved 1189888K
  class space    used 18892K, capacity 20541K, committed 20556K, reserved 1048576K
}
Event: 6769.735 GC heap before
{Heap before GC invocations=235 (full 0):
 garbage-first heap   total 436224K, used 239343K [0x0000000080000000, 0x0000000100000000)
  region size 1024K, 89 young (91136K), 1 survivors (1024K)
 Metaspace       used 155751K, capacity 160297K, committed 160332K, reserved 1189888K
  class space    used 18896K, capacity 20547K, committed 20556K, reserved 1048576K
}
Event: 6769.748 GC heap after
{Heap after GC invocations=236 (full 0):
 garbage-first heap   total 436224K, used 149673K [0x0000000080000000, 0x0000000100000000)
  region size 1024K, 1 young (1024K), 1 survivors (1024K)
 Metaspace       used 155751K, capacity 160297K, committed 160332K, reserved 1189888K
  class space    used 18896K, capacity 20547K, committed 20556K, reserved 1048576K
}
Event: 6770.341 GC heap before
{Heap before GC invocations=236 (full 0):
 garbage-first heap   total 436224K, used 170153K [0x0000000080000000, 0x0000000100000000)
  region size 1024K, 21 young (21504K), 1 survivors (1024K)
 Metaspace       used 155759K, capacity 160297K, committed 160332K, reserved 1189888K
  class space    used 18896K, capacity 20547K, committed 20556K, reserved 1048576K
}
Event: 6770.359 GC heap after
{Heap after GC invocations=237 (full 0):
 garbage-first heap   total 436224K, used 147679K [0x0000000080000000, 0x0000000100000000)
  region size 1024K, 1 young (1024K), 1 survivors (1024K)
 Metaspace       used 155759K, capacity 160297K, committed 160332K, reserved 1189888K
  class space    used 18896K, capacity 20547K, committed 20556K, reserved 1048576K
}
Event: 6772.354 GC heap before
{Heap before GC invocations=237 (full 0):
 garbage-first heap   total 436224K, used 264415K [0x0000000080000000, 0x0000000100000000)
  region size 1024K, 116 young (118784K), 1 survivors (1024K)
 Metaspace       used 155780K, capacity 160299K, committed 160332K, reserved 1189888K
  class space    used 18896K, capacity 20547K, committed 20556K, reserved 1048576K
}
Event: 6772.380 GC heap after
{Heap after GC invocations=238 (full 0):
 garbage-first heap   total 436224K, used 151033K [0x0000000080000000, 0x0000000100000000)
  region size 1024K, 4 young (4096K), 4 survivors (4096K)
 Metaspace       used 155780K, capacity 160299K, committed 160332K, reserved 1189888K
  class space    used 18896K, capacity 20547K, committed 20556K, reserved 1048576K
}
Event: 6775.751 GC heap before
{Heap before GC invocations=239 (full 0):
 garbage-first heap   total 436224K, used 282105K [0x0000000080000000, 0x0000000100000000)
  region size 1024K, 132 young (135168K), 4 survivors (4096K)
 Metaspace       used 155823K, capacity 160377K, committed 160588K, reserved 1189888K
  class space    used 18898K, capacity 20551K, committed 20556K, reserved 1048576K
}
Event: 6775.784 GC heap after
{Heap after GC invocations=240 (full 0):
 garbage-first heap   total 436224K, used 153720K [0x0000000080000000, 0x0000000100000000)
  region size 1024K, 7 young (7168K), 7 survivors (7168K)
 Metaspace       used 155823K, capacity 160377K, committed 160588K, reserved 1189888K
  class space    used 18898K, capacity 20551K, committed 20556K, reserved 1048576K
}
Event: 6776.428 GC heap before
{Heap before GC invocations=240 (full 0):
 garbage-first heap   total 436224K, used 168056K [0x0000000080000000, 0x0000000100000000)
  region size 1024K, 21 young (21504K), 7 survivors (7168K)
 Metaspace       used 155835K, capacity 160377K, committed 160588K, reserved 1189888K
  class space    used 18898K, capacity 20551K, committed 20556K, reserved 1048576K
}
Event: 6776.478 GC heap after
{Heap after GC invocations=241 (full 0):
 garbage-first heap   total 436224K, used 152740K [0x0000000080000000, 0x0000000100000000)
  region size 1024K, 1 young (1024K), 1 survivors (1024K)
 Metaspace       used 155835K, capacity 160377K, committed 160588K, reserved 1189888K
  class space    used 18898K, capacity 20551K, committed 20556K, reserved 1048576K
}
Event: 6779.565 GC heap before
{Heap before GC invocations=241 (full 0):
 garbage-first heap   total 436224K, used 301220K [0x0000000080000000, 0x0000000100000000)
  region size 1024K, 147 young (150528K), 1 survivors (1024K)
 Metaspace       used 155979K, capacity 160532K, committed 160588K, reserved 1189888K
  class space    used 18898K, capacity 20551K, committed 20556K, reserved 1048576K
}
Event: 6779.587 GC heap after
{Heap after GC invocations=242 (full 0):
 garbage-first heap   total 436224K, used 153764K [0x0000000080000000, 0x0000000100000000)
  region size 1024K, 2 young (2048K), 2 survivors (2048K)
 Metaspace       used 155979K, capacity 160532K, committed 160588K, reserved 1189888K
  class space    used 18898K, capacity 20551K, committed 20556K, reserved 1048576K
}
Event: 6787.543 GC heap before
{Heap before GC invocations=243 (full 0):
 garbage-first heap   total 436224K, used 393380K [0x0000000080000000, 0x0000000100000000)
  region size 1024K, 198 young (202752K), 2 survivors (2048K)
 Metaspace       used 156224K, capacity 160739K, committed 160972K, reserved 1189888K
  class space    used 18909K, capacity 20590K, committed 20684K, reserved 1048576K
}
Event: 6788.157 GC heap after
{Heap after GC invocations=244 (full 0):
 garbage-first heap   total 460800K, used 243951K [0x0000000080000000, 0x0000000100000000)
  region size 1024K, 25 young (25600K), 25 survivors (25600K)
 Metaspace       used 156224K, capacity 160739K, committed 160972K, reserved 1189888K
  class space    used 18909K, capacity 20590K, committed 20684K, reserved 1048576K
}
Event: 6788.276 GC heap before
{Heap before GC invocations=244 (full 0):
 garbage-first heap   total 460800K, used 244975K [0x0000000080000000, 0x0000000100000000)
  region size 1024K, 26 young (26624K), 25 survivors (25600K)
 Metaspace       used 156224K, capacity 160739K, committed 160972K, reserved 1189888K
  class space    used 18909K, capacity 20590K, committed 20684K, reserved 1048576K
}
Event: 6788.471 GC heap after
{Heap after GC invocations=245 (full 0):
 garbage-first heap   total 460800K, used 243712K [0x0000000080000000, 0x0000000100000000)
  region size 1024K, 1 young (1024K), 1 survivors (1024K)
 Metaspace       used 156224K, capacity 160739K, committed 160972K, reserved 1189888K
  class space    used 18909K, capacity 20590K, committed 20684K, reserved 1048576K
}
Event: 6789.207 GC heap before
{Heap before GC invocations=245 (full 0):
 garbage-first heap   total 460800K, used 265216K [0x0000000080000000, 0x0000000100000000)
  region size 1024K, 22 young (22528K), 1 survivors (1024K)
 Metaspace       used 156230K, capacity 160739K, committed 160972K, reserved 1189888K
  class space    used 18909K, capacity 20590K, committed 20684K, reserved 1048576K
}
Event: 6789.269 GC heap after
{Heap after GC invocations=246 (full 0):
 garbage-first heap   total 460800K, used 253440K [0x0000000080000000, 0x0000000100000000)
  region size 1024K, 3 young (3072K), 3 survivors (3072K)
 Metaspace       used 156230K, capacity 160739K, committed 160972K, reserved 1189888K
  class space    used 18909K, capacity 20590K, committed 20684K, reserved 1048576K
}
Event: 6791.316 GC heap before
{Heap before GC invocations=247 (full 0):
 garbage-first heap   total 460800K, used 272896K [0x0000000080000000, 0x0000000100000000)
  region size 1024K, 22 young (22528K), 3 survivors (3072K)
 Metaspace       used 156235K, capacity 160739K, committed 160972K, reserved 1189888K
  class space    used 18909K, capacity 20590K, committed 20684K, reserved 1048576K
}

